This is pdfTeX, Version 3.141592653-2.6-1.40.27 (TeX Live 2025 - Spack) (preloaded format=pdflatex 2026.1.15)  29 APR 2026 13:39
entering extended mode
 restricted \write18 enabled.
 %&-line parsing enabled.
**fuserplus_jmlr.tex
(./fuserplus_jmlr.tex
LaTeX2e <2024-11-01> patch level 2
L3 programming layer <2025-01-18>

(/packages/spack/1.1.0/opt/spack/__spack_repo.builtin.packages.texlive.package.
Texlive_object_at_0x1484aac6db00_/_20250308-_pnnep4xfk75ngzwvf3hjoslrutotttat/t
exmf-dist/tex/latex/base/article.cls
Document Class: article 2024/06/29 v1.4n Standard LaTeX document class

(/packages/spack/1.1.0/opt/spack/__spack_repo.builtin.packages.texlive.package.
Texlive_object_at_0x1484aac6db00_/_20250308-_pnnep4xfk75ngzwvf3hjoslrutotttat/t
exmf-dist/tex/latex/base/size11.clo
File: size11.clo 2024/06/29 v1.4n Standard LaTeX file (size option)
)
\c@part=\count196
\c@section=\count197
\c@subsection=\count198
\c@subsubsection=\count199
\c@paragraph=\count266
\c@subparagraph=\count267
\c@figure=\count268
\c@table=\count269
\abovecaptionskip=\skip49
\belowcaptionskip=\skip50
\bibindent=\dimen141
)
(/packages/spack/1.1.0/opt/spack/__spack_repo.builtin.packages.texlive.package.
Texlive_object_at_0x1484aac6db00_/_20250308-_pnnep4xfk75ngzwvf3hjoslrutotttat/t
exmf-dist/tex/latex/algorithms/algorithm.sty
Package: algorithm 2009/08/24 v0.1 Document Style `algorithm' - floating enviro
nment

(/packages/spack/1.1.0/opt/spack/__spack_repo.builtin.packages.texlive.package.
Texlive_object_at_0x1484aac6db00_/_20250308-_pnnep4xfk75ngzwvf3hjoslrutotttat/t
exmf-dist/tex/latex/float/float.sty
Package: float 2001/11/08 v1.3d Float enhancements (AL)
\c@float@type=\count270
\float@exts=\toks17
\float@box=\box52
\@float@everytoks=\toks18
\@floatcapt=\box53
)
(/packages/spack/1.1.0/opt/spack/__spack_repo.builtin.packages.texlive.package.
Texlive_object_at_0x1484aac6db00_/_20250308-_pnnep4xfk75ngzwvf3hjoslrutotttat/t
exmf-dist/tex/latex/base/ifthen.sty
Package: ifthen 2024/03/16 v1.1e Standard LaTeX ifthen package (DPC)
)
\@float@every@algorithm=\toks19
\c@algorithm=\count271
)
(/packages/spack/1.1.0/opt/spack/__spack_repo.builtin.packages.texlive.package.
Texlive_object_at_0x1484aac6db00_/_20250308-_pnnep4xfk75ngzwvf3hjoslrutotttat/t
exmf-dist/tex/latex/algorithmicx/algpseudocode.sty
Package: algpseudocode 

(/packages/spack/1.1.0/opt/spack/__spack_repo.builtin.packages.texlive.package.
Texlive_object_at_0x1484aac6db00_/_20250308-_pnnep4xfk75ngzwvf3hjoslrutotttat/t
exmf-dist/tex/latex/algorithmicx/algorithmicx.sty
Package: algorithmicx 2005/04/27 v1.2 Algorithmicx

Document Style algorithmicx 1.2 - a greatly improved `algorithmic' style
\c@ALG@line=\count272
\c@ALG@rem=\count273
\c@ALG@nested=\count274
\ALG@tlm=\skip51
\ALG@thistlm=\skip52
\c@ALG@Lnr=\count275
\c@ALG@blocknr=\count276
\c@ALG@storecount=\count277
\c@ALG@tmpcounter=\count278
\ALG@tmplength=\skip53
)
Document Style - pseudocode environments for use with the `algorithmicx' style
) (./jmlr2e.sty
Document Style `jmlr'.

(/packages/spack/1.1.0/opt/spack/__spack_repo.builtin.packages.texlive.package.
Texlive_object_at_0x1484aac6db00_/_20250308-_pnnep4xfk75ngzwvf3hjoslrutotttat/t
exmf-dist/tex/latex/graphics/epsfig.sty
Package: epsfig 2024/01/14 v1.7b (e)psfig emulation (SPQR)

(/packages/spack/1.1.0/opt/spack/__spack_repo.builtin.packages.texlive.package.
Texlive_object_at_0x1484aac6db00_/_20250308-_pnnep4xfk75ngzwvf3hjoslrutotttat/t
exmf-dist/tex/latex/graphics/graphicx.sty
Package: graphicx 2021/09/16 v1.2d Enhanced LaTeX Graphics (DPC,SPQR)

(/packages/spack/1.1.0/opt/spack/__spack_repo.builtin.packages.texlive.package.
Texlive_object_at_0x1484aac6db00_/_20250308-_pnnep4xfk75ngzwvf3hjoslrutotttat/t
exmf-dist/tex/latex/graphics/keyval.sty
Package: keyval 2022/05/29 v1.15 key=value parser (DPC)
\KV@toks@=\toks20
)
(/packages/spack/1.1.0/opt/spack/__spack_repo.builtin.packages.texlive.package.
Texlive_object_at_0x1484aac6db00_/_20250308-_pnnep4xfk75ngzwvf3hjoslrutotttat/t
exmf-dist/tex/latex/graphics/graphics.sty
Package: graphics 2024/08/06 v1.4g Standard LaTeX Graphics (DPC,SPQR)

(/packages/spack/1.1.0/opt/spack/__spack_repo.builtin.packages.texlive.package.
Texlive_object_at_0x1484aac6db00_/_20250308-_pnnep4xfk75ngzwvf3hjoslrutotttat/t
exmf-dist/tex/latex/graphics/trig.sty
Package: trig 2023/12/02 v1.11 sin cos tan (DPC)
)
(/packages/spack/1.1.0/opt/spack/__spack_repo.builtin.packages.texlive.package.
Texlive_object_at_0x1484aac6db00_/_20250308-_pnnep4xfk75ngzwvf3hjoslrutotttat/t
exmf-dist/tex/latex/graphics-cfg/graphics.cfg
File: graphics.cfg 2016/06/04 v1.11 sample graphics configuration
)
Package graphics Info: Driver file: pdftex.def on input line 106.

(/packages/spack/1.1.0/opt/spack/__spack_repo.builtin.packages.texlive.package.
Texlive_object_at_0x1484aac6db00_/_20250308-_pnnep4xfk75ngzwvf3hjoslrutotttat/t
exmf-dist/tex/latex/graphics-def/pdftex.def
File: pdftex.def 2024/04/13 v1.2c Graphics/color driver for pdftex
))
\Gin@req@height=\dimen142
\Gin@req@width=\dimen143
)
\epsfxsize=\dimen144
\epsfysize=\dimen145
)
(/packages/spack/1.1.0/opt/spack/__spack_repo.builtin.packages.texlive.package.
Texlive_object_at_0x1484aac6db00_/_20250308-_pnnep4xfk75ngzwvf3hjoslrutotttat/t
exmf-dist/tex/latex/amsfonts/amssymb.sty
Package: amssymb 2013/01/14 v3.01 AMS font symbols

(/packages/spack/1.1.0/opt/spack/__spack_repo.builtin.packages.texlive.package.
Texlive_object_at_0x1484aac6db00_/_20250308-_pnnep4xfk75ngzwvf3hjoslrutotttat/t
exmf-dist/tex/latex/amsfonts/amsfonts.sty
Package: amsfonts 2013/01/14 v3.01 Basic AMSFonts support
\@emptytoks=\toks21
\symAMSa=\mathgroup4
\symAMSb=\mathgroup5
LaTeX Font Info:    Redeclaring math symbol \hbar on input line 98.
LaTeX Font Info:    Overwriting math alphabet `\mathfrak' in version `bold'
(Font)                  U/euf/m/n --> U/euf/b/n on input line 106.
))
(/packages/spack/1.1.0/opt/spack/__spack_repo.builtin.packages.texlive.package.
Texlive_object_at_0x1484aac6db00_/_20250308-_pnnep4xfk75ngzwvf3hjoslrutotttat/t
exmf-dist/tex/latex/natbib/natbib.sty
Package: natbib 2010/09/13 8.31b (PWD, AO)
\bibhang=\skip54
\bibsep=\skip55
LaTeX Info: Redefining \cite on input line 694.
\c@NAT@ctr=\count279
)
(/packages/spack/1.1.0/opt/spack/__spack_repo.builtin.packages.texlive.package.
Texlive_object_at_0x1484aac6db00_/_20250308-_pnnep4xfk75ngzwvf3hjoslrutotttat/t
exmf-dist/tex/latex/hyperref/hyperref.sty
Package: hyperref 2024-11-05 v7.01l Hypertext links for LaTeX

(/packages/spack/1.1.0/opt/spack/__spack_repo.builtin.packages.texlive.package.
Texlive_object_at_0x1484aac6db00_/_20250308-_pnnep4xfk75ngzwvf3hjoslrutotttat/t
exmf-dist/tex/generic/iftex/iftex.sty
Package: iftex 2024/12/12 v1.0g TeX engine tests
)
(/packages/spack/1.1.0/opt/spack/__spack_repo.builtin.packages.texlive.package.
Texlive_object_at_0x1484aac6db00_/_20250308-_pnnep4xfk75ngzwvf3hjoslrutotttat/t
exmf-dist/tex/latex/kvsetkeys/kvsetkeys.sty
Package: kvsetkeys 2022-10-05 v1.19 Key value parser (HO)
)
(/packages/spack/1.1.0/opt/spack/__spack_repo.builtin.packages.texlive.package.
Texlive_object_at_0x1484aac6db00_/_20250308-_pnnep4xfk75ngzwvf3hjoslrutotttat/t
exmf-dist/tex/generic/kvdefinekeys/kvdefinekeys.sty
Package: kvdefinekeys 2019-12-19 v1.6 Define keys (HO)
)
(/packages/spack/1.1.0/opt/spack/__spack_repo.builtin.packages.texlive.package.
Texlive_object_at_0x1484aac6db00_/_20250308-_pnnep4xfk75ngzwvf3hjoslrutotttat/t
exmf-dist/tex/generic/pdfescape/pdfescape.sty
Package: pdfescape 2019/12/09 v1.15 Implements pdfTeX's escape features (HO)

(/packages/spack/1.1.0/opt/spack/__spack_repo.builtin.packages.texlive.package.
Texlive_object_at_0x1484aac6db00_/_20250308-_pnnep4xfk75ngzwvf3hjoslrutotttat/t
exmf-dist/tex/generic/ltxcmds/ltxcmds.sty
Package: ltxcmds 2023-12-04 v1.26 LaTeX kernel commands for general use (HO)
)
(/packages/spack/1.1.0/opt/spack/__spack_repo.builtin.packages.texlive.package.
Texlive_object_at_0x1484aac6db00_/_20250308-_pnnep4xfk75ngzwvf3hjoslrutotttat/t
exmf-dist/tex/generic/pdftexcmds/pdftexcmds.sty
Package: pdftexcmds 2020-06-27 v0.33 Utility functions of pdfTeX for LuaTeX (HO
)

(/packages/spack/1.1.0/opt/spack/__spack_repo.builtin.packages.texlive.package.
Texlive_object_at_0x1484aac6db00_/_20250308-_pnnep4xfk75ngzwvf3hjoslrutotttat/t
exmf-dist/tex/generic/infwarerr/infwarerr.sty
Package: infwarerr 2019/12/03 v1.5 Providing info/warning/error messages (HO)
)
Package pdftexcmds Info: \pdf@primitive is available.
Package pdftexcmds Info: \pdf@ifprimitive is available.
Package pdftexcmds Info: \pdfdraftmode found.
))
(/packages/spack/1.1.0/opt/spack/__spack_repo.builtin.packages.texlive.package.
Texlive_object_at_0x1484aac6db00_/_20250308-_pnnep4xfk75ngzwvf3hjoslrutotttat/t
exmf-dist/tex/latex/hycolor/hycolor.sty
Package: hycolor 2020-01-27 v1.10 Color options for hyperref/bookmark (HO)
)
(/packages/spack/1.1.0/opt/spack/__spack_repo.builtin.packages.texlive.package.
Texlive_object_at_0x1484aac6db00_/_20250308-_pnnep4xfk75ngzwvf3hjoslrutotttat/t
exmf-dist/tex/latex/hyperref/nameref.sty
Package: nameref 2023-11-26 v2.56 Cross-referencing by name of section

(/packages/spack/1.1.0/opt/spack/__spack_repo.builtin.packages.texlive.package.
Texlive_object_at_0x1484aac6db00_/_20250308-_pnnep4xfk75ngzwvf3hjoslrutotttat/t
exmf-dist/tex/latex/refcount/refcount.sty
Package: refcount 2019/12/15 v3.6 Data extraction from label references (HO)
)
(/packages/spack/1.1.0/opt/spack/__spack_repo.builtin.packages.texlive.package.
Texlive_object_at_0x1484aac6db00_/_20250308-_pnnep4xfk75ngzwvf3hjoslrutotttat/t
exmf-dist/tex/generic/gettitlestring/gettitlestring.sty
Package: gettitlestring 2019/12/15 v1.6 Cleanup title references (HO)

(/packages/spack/1.1.0/opt/spack/__spack_repo.builtin.packages.texlive.package.
Texlive_object_at_0x1484aac6db00_/_20250308-_pnnep4xfk75ngzwvf3hjoslrutotttat/t
exmf-dist/tex/latex/kvoptions/kvoptions.sty
Package: kvoptions 2022-06-15 v3.15 Key value format for package options (HO)
))
\c@section@level=\count280
)
(/packages/spack/1.1.0/opt/spack/__spack_repo.builtin.packages.texlive.package.
Texlive_object_at_0x1484aac6db00_/_20250308-_pnnep4xfk75ngzwvf3hjoslrutotttat/t
exmf-dist/tex/latex/etoolbox/etoolbox.sty
Package: etoolbox 2025/02/11 v2.5l e-TeX tools for LaTeX (JAW)
\etb@tempcnta=\count281
)
(/packages/spack/1.1.0/opt/spack/__spack_repo.builtin.packages.texlive.package.
Texlive_object_at_0x1484aac6db00_/_20250308-_pnnep4xfk75ngzwvf3hjoslrutotttat/t
exmf-dist/tex/generic/stringenc/stringenc.sty
Package: stringenc 2019/11/29 v1.12 Convert strings between diff. encodings (HO
)
)
\@linkdim=\dimen146
\Hy@linkcounter=\count282
\Hy@pagecounter=\count283

(/packages/spack/1.1.0/opt/spack/__spack_repo.builtin.packages.texlive.package.
Texlive_object_at_0x1484aac6db00_/_20250308-_pnnep4xfk75ngzwvf3hjoslrutotttat/t
exmf-dist/tex/latex/hyperref/pd1enc.def
File: pd1enc.def 2024-11-05 v7.01l Hyperref: PDFDocEncoding definition (HO)
Now handling font encoding PD1 ...
... no UTF-8 mapping file for font encoding PD1
)
(/packages/spack/1.1.0/opt/spack/__spack_repo.builtin.packages.texlive.package.
Texlive_object_at_0x1484aac6db00_/_20250308-_pnnep4xfk75ngzwvf3hjoslrutotttat/t
exmf-dist/tex/generic/intcalc/intcalc.sty
Package: intcalc 2019/12/15 v1.3 Expandable calculations with integers (HO)
)
\Hy@SavedSpaceFactor=\count284

(/packages/spack/1.1.0/opt/spack/__spack_repo.builtin.packages.texlive.package.
Texlive_object_at_0x1484aac6db00_/_20250308-_pnnep4xfk75ngzwvf3hjoslrutotttat/t
exmf-dist/tex/latex/hyperref/puenc.def
File: puenc.def 2024-11-05 v7.01l Hyperref: PDF Unicode definition (HO)
Now handling font encoding PU ...
... no UTF-8 mapping file for font encoding PU
)
Package hyperref Info: Option `colorlinks' set `false' on input line 4040.
Package hyperref Info: Hyper figures OFF on input line 4157.
Package hyperref Info: Link nesting OFF on input line 4162.
Package hyperref Info: Hyper index ON on input line 4165.
Package hyperref Info: Plain pages OFF on input line 4172.
Package hyperref Info: Backreferencing OFF on input line 4177.
Package hyperref Info: Implicit mode ON; LaTeX internals redefined.
Package hyperref Info: Bookmarks ON on input line 4424.
\c@Hy@tempcnt=\count285

(/packages/spack/1.1.0/opt/spack/__spack_repo.builtin.packages.texlive.package.
Texlive_object_at_0x1484aac6db00_/_20250308-_pnnep4xfk75ngzwvf3hjoslrutotttat/t
exmf-dist/tex/latex/url/url.sty
\Urlmuskip=\muskip17
Package: url 2013/09/16  ver 3.4  Verb mode for urls, etc.
)
LaTeX Info: Redefining \url on input line 4763.
\XeTeXLinkMargin=\dimen147

(/packages/spack/1.1.0/opt/spack/__spack_repo.builtin.packages.texlive.package.
Texlive_object_at_0x1484aac6db00_/_20250308-_pnnep4xfk75ngzwvf3hjoslrutotttat/t
exmf-dist/tex/generic/bitset/bitset.sty
Package: bitset 2019/12/09 v1.3 Handle bit-vector datatype (HO)

(/packages/spack/1.1.0/opt/spack/__spack_repo.builtin.packages.texlive.package.
Texlive_object_at_0x1484aac6db00_/_20250308-_pnnep4xfk75ngzwvf3hjoslrutotttat/t
exmf-dist/tex/generic/bigintcalc/bigintcalc.sty
Package: bigintcalc 2019/12/15 v1.5 Expandable calculations on big integers (HO
)
))
\Fld@menulength=\count286
\Field@Width=\dimen148
\Fld@charsize=\dimen149
Package hyperref Info: Hyper figures OFF on input line 6042.
Package hyperref Info: Link nesting OFF on input line 6047.
Package hyperref Info: Hyper index ON on input line 6050.
Package hyperref Info: backreferencing OFF on input line 6057.
Package hyperref Info: Link coloring OFF on input line 6062.
Package hyperref Info: Link coloring with OCG OFF on input line 6067.
Package hyperref Info: PDF/A mode OFF on input line 6072.

(/packages/spack/1.1.0/opt/spack/__spack_repo.builtin.packages.texlive.package.
Texlive_object_at_0x1484aac6db00_/_20250308-_pnnep4xfk75ngzwvf3hjoslrutotttat/t
exmf-dist/tex/latex/base/atbegshi-ltx.sty
Package: atbegshi-ltx 2021/01/10 v1.0c Emulation of the original atbegshi
package with kernel methods
)
\Hy@abspage=\count287
\c@Item=\count288
\c@Hfootnote=\count289
)
Package hyperref Info: Driver (autodetected): hpdftex.

(/packages/spack/1.1.0/opt/spack/__spack_repo.builtin.packages.texlive.package.
Texlive_object_at_0x1484aac6db00_/_20250308-_pnnep4xfk75ngzwvf3hjoslrutotttat/t
exmf-dist/tex/latex/hyperref/hpdftex.def
File: hpdftex.def 2024-11-05 v7.01l Hyperref driver for pdfTeX

(/packages/spack/1.1.0/opt/spack/__spack_repo.builtin.packages.texlive.package.
Texlive_object_at_0x1484aac6db00_/_20250308-_pnnep4xfk75ngzwvf3hjoslrutotttat/t
exmf-dist/tex/latex/base/atveryend-ltx.sty
Package: atveryend-ltx 2020/08/19 v1.0a Emulation of the original atveryend pac
kage
with kernel methods
)
\Fld@listcount=\count290
\c@bookmark@seq@number=\count291

(/packages/spack/1.1.0/opt/spack/__spack_repo.builtin.packages.texlive.package.
Texlive_object_at_0x1484aac6db00_/_20250308-_pnnep4xfk75ngzwvf3hjoslrutotttat/t
exmf-dist/tex/latex/rerunfilecheck/rerunfilecheck.sty
Package: rerunfilecheck 2022-07-10 v1.10 Rerun checks for auxiliary files (HO)

(/packages/spack/1.1.0/opt/spack/__spack_repo.builtin.packages.texlive.package.
Texlive_object_at_0x1484aac6db00_/_20250308-_pnnep4xfk75ngzwvf3hjoslrutotttat/t
exmf-dist/tex/generic/uniquecounter/uniquecounter.sty
Package: uniquecounter 2019/12/15 v1.4 Provide unlimited unique counter (HO)
)
Package uniquecounter Info: New unique counter `rerunfilecheck' on input line 2
85.
)
\Hy@SectionHShift=\skip56
)
\aftertitskip=\skip57
\beforetitskip=\skip58
\interauthorskip=\skip59
\aftermaketitskip=\skip60
\c@example=\count292
\c@theorem=\count293
)
(/packages/spack/1.1.0/opt/spack/__spack_repo.builtin.packages.texlive.package.
Texlive_object_at_0x1484aac6db00_/_20250308-_pnnep4xfk75ngzwvf3hjoslrutotttat/t
exmf-dist/tex/latex/amsmath/amsmath.sty
Package: amsmath 2024/11/05 v2.17t AMS math features
\@mathmargin=\skip61

For additional information on amsmath, use the `?' option.

(/packages/spack/1.1.0/opt/spack/__spack_repo.builtin.packages.texlive.package.
Texlive_object_at_0x1484aac6db00_/_20250308-_pnnep4xfk75ngzwvf3hjoslrutotttat/t
exmf-dist/tex/latex/amsmath/amstext.sty
Package: amstext 2021/08/26 v2.01 AMS text

(/packages/spack/1.1.0/opt/spack/__spack_repo.builtin.packages.texlive.package.
Texlive_object_at_0x1484aac6db00_/_20250308-_pnnep4xfk75ngzwvf3hjoslrutotttat/t
exmf-dist/tex/latex/amsmath/amsgen.sty
File: amsgen.sty 1999/11/30 v2.0 generic functions
\@emptytoks=\toks22
\ex@=\dimen150
))
(/packages/spack/1.1.0/opt/spack/__spack_repo.builtin.packages.texlive.package.
Texlive_object_at_0x1484aac6db00_/_20250308-_pnnep4xfk75ngzwvf3hjoslrutotttat/t
exmf-dist/tex/latex/amsmath/amsbsy.sty
Package: amsbsy 1999/11/29 v1.2d Bold Symbols
\pmbraise@=\dimen151
)
(/packages/spack/1.1.0/opt/spack/__spack_repo.builtin.packages.texlive.package.
Texlive_object_at_0x1484aac6db00_/_20250308-_pnnep4xfk75ngzwvf3hjoslrutotttat/t
exmf-dist/tex/latex/amsmath/amsopn.sty
Package: amsopn 2022/04/08 v2.04 operator names
)
\inf@bad=\count294
LaTeX Info: Redefining \frac on input line 233.
\uproot@=\count295
\leftroot@=\count296
LaTeX Info: Redefining \overline on input line 398.
LaTeX Info: Redefining \colon on input line 409.
\classnum@=\count297
\DOTSCASE@=\count298
LaTeX Info: Redefining \ldots on input line 495.
LaTeX Info: Redefining \dots on input line 498.
LaTeX Info: Redefining \cdots on input line 619.
\Mathstrutbox@=\box54
\strutbox@=\box55
LaTeX Info: Redefining \big on input line 721.
LaTeX Info: Redefining \Big on input line 722.
LaTeX Info: Redefining \bigg on input line 723.
LaTeX Info: Redefining \Bigg on input line 724.
\big@size=\dimen152
LaTeX Font Info:    Redeclaring font encoding OML on input line 742.
LaTeX Font Info:    Redeclaring font encoding OMS on input line 743.
\macc@depth=\count299
LaTeX Info: Redefining \bmod on input line 904.
LaTeX Info: Redefining \pmod on input line 909.
LaTeX Info: Redefining \smash on input line 939.
LaTeX Info: Redefining \relbar on input line 969.
LaTeX Info: Redefining \Relbar on input line 970.
\c@MaxMatrixCols=\count300
\dotsspace@=\muskip18
\c@parentequation=\count301
\dspbrk@lvl=\count302
\tag@help=\toks23
\row@=\count303
\column@=\count304
\maxfields@=\count305
\andhelp@=\toks24
\eqnshift@=\dimen153
\alignsep@=\dimen154
\tagshift@=\dimen155
\tagwidth@=\dimen156
\totwidth@=\dimen157
\lineht@=\dimen158
\@envbody=\toks25
\multlinegap=\skip62
\multlinetaggap=\skip63
\mathdisplay@stack=\toks26
LaTeX Info: Redefining \[ on input line 2953.
LaTeX Info: Redefining \] on input line 2954.
)
(/packages/spack/1.1.0/opt/spack/__spack_repo.builtin.packages.texlive.package.
Texlive_object_at_0x1484aac6db00_/_20250308-_pnnep4xfk75ngzwvf3hjoslrutotttat/t
exmf-dist/tex/latex/booktabs/booktabs.sty
Package: booktabs 2020/01/12 v1.61803398 Publication quality tables
\heavyrulewidth=\dimen159
\lightrulewidth=\dimen160
\cmidrulewidth=\dimen161
\belowrulesep=\dimen162
\belowbottomsep=\dimen163
\aboverulesep=\dimen164
\abovetopsep=\dimen165
\cmidrulesep=\dimen166
\cmidrulekern=\dimen167
\defaultaddspace=\dimen168
\@cmidla=\count306
\@cmidlb=\count307
\@aboverulesep=\dimen169
\@belowrulesep=\dimen170
\@thisruleclass=\count308
\@lastruleclass=\count309
\@thisrulewidth=\dimen171
)
(/packages/spack/1.1.0/opt/spack/__spack_repo.builtin.packages.texlive.package.
Texlive_object_at_0x1484aac6db00_/_20250308-_pnnep4xfk75ngzwvf3hjoslrutotttat/t
exmf-dist/tex/latex/tools/array.sty
Package: array 2024/10/17 v2.6g Tabular extension package (FMi)
\col@sep=\dimen172
\ar@mcellbox=\box56
\extrarowheight=\dimen173
\NC@list=\toks27
\extratabsurround=\skip64
\backup@length=\skip65
\ar@cellbox=\box57
)
(/packages/spack/1.1.0/opt/spack/__spack_repo.builtin.packages.texlive.package.
Texlive_object_at_0x1484aac6db00_/_20250308-_pnnep4xfk75ngzwvf3hjoslrutotttat/t
exmf-dist/tex/latex/lastpage/lastpage.sty
Package: lastpage 2025/01/27 v2.1e lastpage: 2.09 or 2e? (HMM)

(/packages/spack/1.1.0/opt/spack/__spack_repo.builtin.packages.texlive.package.
Texlive_object_at_0x1484aac6db00_/_20250308-_pnnep4xfk75ngzwvf3hjoslrutotttat/t
exmf-dist/tex/latex/lastpage/lastpage2e.sty
Package: lastpage2e 2025/01/27 v2.1e Decide which 2e lastpage version to use (H
MM)

(/packages/spack/1.1.0/opt/spack/__spack_repo.builtin.packages.texlive.package.
Texlive_object_at_0x1484aac6db00_/_20250308-_pnnep4xfk75ngzwvf3hjoslrutotttat/t
exmf-dist/tex/latex/lastpage/lastpagemodern.sty
Package: lastpagemodern 2025-01-27 v2.1e Refers to last page's name (HMM; JPG)
\c@lastpagecount=\count310
) 
))
(/packages/spack/1.1.0/opt/spack/__spack_repo.builtin.packages.texlive.package.
Texlive_object_at_0x1484aac6db00_/_20250308-_pnnep4xfk75ngzwvf3hjoslrutotttat/t
exmf-dist/tex/latex/l3backend/l3backend-pdftex.def
File: l3backend-pdftex.def 2024-05-08 L3 backend support: PDF output (pdfTeX)
\l__color_backend_stack_int=\count311
\l__pdf_internal_box=\box58
) (./fuserplus_jmlr.aux)
\openout1 = `fuserplus_jmlr.aux'.

LaTeX Font Info:    Checking defaults for OML/cmm/m/it on input line 22.
LaTeX Font Info:    ... okay on input line 22.
LaTeX Font Info:    Checking defaults for OMS/cmsy/m/n on input line 22.
LaTeX Font Info:    ... okay on input line 22.
LaTeX Font Info:    Checking defaults for OT1/cmr/m/n on input line 22.
LaTeX Font Info:    ... okay on input line 22.
LaTeX Font Info:    Checking defaults for T1/cmr/m/n on input line 22.
LaTeX Font Info:    ... okay on input line 22.
LaTeX Font Info:    Checking defaults for TS1/cmr/m/n on input line 22.
LaTeX Font Info:    ... okay on input line 22.
LaTeX Font Info:    Checking defaults for OMX/cmex/m/n on input line 22.
LaTeX Font Info:    ... okay on input line 22.
LaTeX Font Info:    Checking defaults for U/cmr/m/n on input line 22.
LaTeX Font Info:    ... okay on input line 22.
LaTeX Font Info:    Checking defaults for PD1/pdf/m/n on input line 22.
LaTeX Font Info:    ... okay on input line 22.
LaTeX Font Info:    Checking defaults for PU/pdf/m/n on input line 22.
LaTeX Font Info:    ... okay on input line 22.

(/packages/spack/1.1.0/opt/spack/__spack_repo.builtin.packages.texlive.package.
Texlive_object_at_0x1484aac6db00_/_20250308-_pnnep4xfk75ngzwvf3hjoslrutotttat/t
exmf-dist/tex/context/base/mkii/supp-pdf.mkii
[Loading MPS to PDF converter (version 2006.09.02).]
\scratchcounter=\count312
\scratchdimen=\dimen174
\scratchbox=\box59
\nofMPsegments=\count313
\nofMParguments=\count314
\everyMPshowfont=\toks28
\MPscratchCnt=\count315
\MPscratchDim=\dimen175
\MPnumerator=\count316
\makeMPintoPDFobject=\count317
\everyMPtoPDFconversion=\toks29
)
(/packages/spack/1.1.0/opt/spack/__spack_repo.builtin.packages.texlive.package.
Texlive_object_at_0x1484aac6db00_/_20250308-_pnnep4xfk75ngzwvf3hjoslrutotttat/t
exmf-dist/tex/latex/epstopdf-pkg/epstopdf-base.sty
Package: epstopdf-base 2020-01-24 v2.11 Base part for package epstopdf
Package epstopdf-base Info: Redefining graphics rule for `.eps' on input line 4
85.

(/packages/spack/1.1.0/opt/spack/__spack_repo.builtin.packages.texlive.package.
Texlive_object_at_0x1484aac6db00_/_20250308-_pnnep4xfk75ngzwvf3hjoslrutotttat/t
exmf-dist/tex/latex/latexconfig/epstopdf-sys.cfg
File: epstopdf-sys.cfg 2010/07/13 v1.3 Configuration of (r)epstopdf for TeX Liv
e
))
Package hyperref Info: Link coloring OFF on input line 22.
 (./fuserplus_jmlr.out)
(./fuserplus_jmlr.out)
\@outlinefile=\write3
\openout3 = `fuserplus_jmlr.out'.

LaTeX Font Info:    Trying to load font information for U+msa on input line 78.


(/packages/spack/1.1.0/opt/spack/__spack_repo.builtin.packages.texlive.package.
Texlive_object_at_0x1484aac6db00_/_20250308-_pnnep4xfk75ngzwvf3hjoslrutotttat/t
exmf-dist/tex/latex/amsfonts/umsa.fd
File: umsa.fd 2013/01/14 v3.01 AMS symbols A
)
LaTeX Font Info:    Trying to load font information for U+msb on input line 78.


(/packages/spack/1.1.0/opt/spack/__spack_repo.builtin.packages.texlive.package.
Texlive_object_at_0x1484aac6db00_/_20250308-_pnnep4xfk75ngzwvf3hjoslrutotttat/t
exmf-dist/tex/latex/amsfonts/umsb.fd
File: umsb.fd 2013/01/14 v3.01 AMS symbols B
)
Underfull \vbox (badness 3179) has occurred while \output is active []



[1{/packages/spack/1.1.0/opt/spack/__spack_repo.builtin.packages.texlive.packag
e.Texlive_object_at_0x1484aac6db00_/_20250308-_pnnep4xfk75ngzwvf3hjoslrutotttat
/texmf-dist/fonts/map/pdftex/updmap/pdftex.map}

{/packages/spack/1.1.0/opt/spack/__spack_repo.builtin.packages.texlive.package.
Texlive_object_at_0x1484aac6db00_/_20250308-_pnnep4xfk75ngzwvf3hjoslrutotttat/t
exmf-dist/fonts/enc/dvips/cm-super/cm-super-ts1.enc}]

[2]
Underfull \hbox (badness 2310) in paragraph at lines 198--198
[]\OT1/cmr/m/n/10.95 Closest soft-ware rel-a-tives to \OT1/cmtt/m/n/10.95 fuser
plus\OT1/cmr/m/n/10.95 . The main dis-tinc-tion is that
 []


Underfull \vbox (badness 10000) has occurred while \output is active []



[3]

[4]
Underfull \hbox (badness 10000) in paragraph at lines 302--312

 []

Package hyperref Info: bookmark level for unknown algorithm defaults to 0 on in
put line 314.

Underfull \hbox (badness 10000) in paragraph at lines 364--374

 []



[5]
Underfull \hbox (badness 10000) in paragraph at lines 385--396

 []


Underfull \vbox (badness 10000) has occurred while \output is active []



[6]

[7]

[8]

[9]

[10]

[11]
Underfull \vbox (badness 10000) has occurred while \output is active []



[12]
<figures/hpc_figure5_main_accuracy_comparison_4panel.png, id=330, 780.516pt x 1
44.54pt>
File: figures/hpc_figure5_main_accuracy_comparison_4panel.png Graphic file (typ
e png)
<use figures/hpc_figure5_main_accuracy_comparison_4panel.png>
Package pdftex.def Info: figures/hpc_figure5_main_accuracy_comparison_4panel.pn
g  used on input line 768.
(pdftex.def)             Requested size: 433.62pt x 80.30003pt.
<figures/hpc_l1_timing_boxplot_combined_k_regimes.png, id=332, 722.7pt x 317.98
8pt>
File: figures/hpc_l1_timing_boxplot_combined_k_regimes.png Graphic file (type p
ng)
<use figures/hpc_l1_timing_boxplot_combined_k_regimes.png>
Package pdftex.def Info: figures/hpc_l1_timing_boxplot_combined_k_regimes.png  
used on input line 791.
(pdftex.def)             Requested size: 433.62pt x 190.79427pt.
<figures/hpc_l1_efficiency_diff_vs_old_l1_operator.png, id=333, 361.35pt x 310.
761pt>
File: figures/hpc_l1_efficiency_diff_vs_old_l1_operator.png Graphic file (type 
png)
<use figures/hpc_l1_efficiency_diff_vs_old_l1_operator.png>
Package pdftex.def Info: figures/hpc_l1_efficiency_diff_vs_old_l1_operator.png 
 used on input line 825.
(pdftex.def)             Requested size: 208.13574pt x 178.99915pt.
<figures/hpc_l1_efficiency_diff_vs_old_l1_chain_specialized_full_plus4.png, id=
334, 361.35pt x 310.761pt>
File: figures/hpc_l1_efficiency_diff_vs_old_l1_chain_specialized_full_plus4.png
 Graphic file (type png)
<use figures/hpc_l1_efficiency_diff_vs_old_l1_chain_specialized_full_plus4.png>

Package pdftex.def Info: figures/hpc_l1_efficiency_diff_vs_old_l1_chain_special
ized_full_plus4.png  used on input line 826.
(pdftex.def)             Requested size: 208.13574pt x 178.99915pt.
<figures/hpc_l2_figure5_combined_k_regimes.png, id=335, 722.7pt x 317.988pt>
File: figures/hpc_l2_figure5_combined_k_regimes.png Graphic file (type png)
<use figures/hpc_l2_figure5_combined_k_regimes.png>
Package pdftex.def Info: figures/hpc_l2_figure5_combined_k_regimes.png  used on
 input line 845.
(pdftex.def)             Requested size: 433.62pt x 190.79427pt.
<figures/hpc_l2_timing_boxplot_combined_k_regimes.png, id=336, 722.7pt x 317.98
8pt>
File: figures/hpc_l2_timing_boxplot_combined_k_regimes.png Graphic file (type p
ng)
<use figures/hpc_l2_timing_boxplot_combined_k_regimes.png>
Package pdftex.def Info: figures/hpc_l2_timing_boxplot_combined_k_regimes.png  
used on input line 853.
(pdftex.def)             Requested size: 433.62pt x 190.79427pt.
<figures/hpc_l2_efficiency_diff_vs_old_l2_new_l2.png, id=337, 361.35pt x 310.76
1pt>
File: figures/hpc_l2_efficiency_diff_vs_old_l2_new_l2.png Graphic file (type pn
g)
<use figures/hpc_l2_efficiency_diff_vs_old_l2_new_l2.png>
Package pdftex.def Info: figures/hpc_l2_efficiency_diff_vs_old_l2_new_l2.png  u
sed on input line 861.
(pdftex.def)             Requested size: 251.50038pt x 216.28885pt.


[13 <./figures/hpc_figure5_main_accuracy_comparison_4panel.png>]
<figures/atime_l1_variants_atime.png, id=346, 361.35pt x 245.718pt>
File: figures/atime_l1_variants_atime.png Graphic file (type png)
<use figures/atime_l1_variants_atime.png>
Package pdftex.def Info: figures/atime_l1_variants_atime.png  used on input lin
e 878.
(pdftex.def)             Requested size: 208.13574pt x 141.5342pt.
<figures/atime_l2_l2_atime.png, id=347, 361.35pt x 245.718pt>
File: figures/atime_l2_l2_atime.png Graphic file (type png)
<use figures/atime_l2_l2_atime.png>
Package pdftex.def Info: figures/atime_l2_l2_atime.png  used on input line 879.

(pdftex.def)             Requested size: 208.13574pt x 141.5342pt.


[14 <./figures/hpc_l1_timing_boxplot_combined_k_regimes.png (PNG copy)>]

[15 <./figures/hpc_l1_efficiency_diff_vs_old_l1_operator.png (PNG copy)> <./fig
ures/hpc_l1_efficiency_diff_vs_old_l1_chain_specialized_full_plus4.png (PNG cop
y)> <./figures/hpc_l2_figure5_combined_k_regimes.png>]

[16 <./figures/hpc_l2_timing_boxplot_combined_k_regimes.png (PNG copy)> <./figu
res/hpc_l2_efficiency_diff_vs_old_l2_new_l2.png (PNG copy)>]

[17 <./figures/atime_l1_variants_atime.png> <./figures/atime_l2_l2_atime.png>]

[18] (./fuserplus_jmlr.bbl

[19]

[20]
Underfull \hbox (badness 2261) in paragraph at lines 182--187
[]\OT1/cmr/m/n/10.95 New York City Taxi and Limou-sine Com-mis-sion.  2022 yel-
low taxi trip data.
 []



[21])

[22] 
enddocument/afterlastpage (AED): lastpage setting LastPage.
(./fuserplus_jmlr.aux)
 ***********
LaTeX2e <2024-11-01> patch level 2
L3 programming layer <2025-01-18>
 ***********
Package rerunfilecheck Info: File `fuserplus_jmlr.out' has not changed.
(rerunfilecheck)             Checksum: 0CBC66713B8D1301B27C66772557D831;3336.
 ) 
Here is how much of TeX's memory you used:
 11470 strings out of 473190
 198463 string characters out of 5647026
 591107 words of memory out of 5000000
 34452 multiletter control sequences out of 15000+600000
 569501 words of font info for 76 fonts, out of 8000000 for 9000
 1141 hyphenation exceptions out of 8191
 90i,11n,93p,544b,626s stack positions out of 10000i,1000n,20000p,200000b,200000s
</packages/spack/1.1.0/opt/spack/__spack_repo.builtin.packages.texlive.packag
e.Texlive_object_at_0x1484aac6db00_/_20250308-_pnnep4xfk75ngzwvf3hjoslrutotttat
/texmf-dist/fonts/type1/public/amsfonts/cm/cmbx10.pfb></packages/spack/1.1.0/op
t/spack/__spack_repo.builtin.packages.texlive.package.Texlive_object_at_0x1484a
ac6db00_/_20250308-_pnnep4xfk75ngzwvf3hjoslrutotttat/texmf-dist/fonts/type1/pub
lic/amsfonts/cm/cmbx12.pfb></packages/spack/1.1.0/opt/spack/__spack_repo.builti
n.packages.texlive.package.Texlive_object_at_0x1484aac6db00_/_20250308-_pnnep4x
fk75ngzwvf3hjoslrutotttat/texmf-dist/fonts/type1/public/amsfonts/cm/cmcsc10.pfb
></packages/spack/1.1.0/opt/spack/__spack_repo.builtin.packages.texlive.package
.Texlive_object_at_0x1484aac6db00_/_20250308-_pnnep4xfk75ngzwvf3hjoslrutotttat/
texmf-dist/fonts/type1/public/amsfonts/cm/cmex10.pfb></packages/spack/1.1.0/opt
/spack/__spack_repo.builtin.packages.texlive.package.Texlive_object_at_0x1484aa
c6db00_/_20250308-_pnnep4xfk75ngzwvf3hjoslrutotttat/texmf-dist/fonts/type1/publ
ic/amsfonts/cm/cmitt10.pfb></packages/spack/1.1.0/opt/spack/__spack_repo.builti
n.packages.texlive.package.Texlive_object_at_0x1484aac6db00_/_20250308-_pnnep4x
fk75ngzwvf3hjoslrutotttat/texmf-dist/fonts/type1/public/amsfonts/cm/cmmi10.pfb>
</packages/spack/1.1.0/opt/spack/__spack_repo.builtin.packages.texlive.package.
Texlive_object_at_0x1484aac6db00_/_20250308-_pnnep4xfk75ngzwvf3hjoslrutotttat/t
exmf-dist/fonts/type1/public/amsfonts/cm/cmmi6.pfb></packages/spack/1.1.0/opt/s
pack/__spack_repo.builtin.packages.texlive.package.Texlive_object_at_0x1484aac6
db00_/_20250308-_pnnep4xfk75ngzwvf3hjoslrutotttat/texmf-dist/fonts/type1/public
/amsfonts/cm/cmmi8.pfb></packages/spack/1.1.0/opt/spack/__spack_repo.builtin.pa
ckages.texlive.package.Texlive_object_at_0x1484aac6db00_/_20250308-_pnnep4xfk75
ngzwvf3hjoslrutotttat/texmf-dist/fonts/type1/public/amsfonts/cm/cmr10.pfb></pac
kages/spack/1.1.0/opt/spack/__spack_repo.builtin.packages.texlive.package.Texli
ve_object_at_0x1484aac6db00_/_20250308-_pnnep4xfk75ngzwvf3hjoslrutotttat/texmf-
dist/fonts/type1/public/amsfonts/cm/cmr6.pfb></packages/spack/1.1.0/opt/spack/_
_spack_repo.builtin.packages.texlive.package.Texlive_object_at_0x1484aac6db00_/
_20250308-_pnnep4xfk75ngzwvf3hjoslrutotttat/texmf-dist/fonts/type1/public/amsfo
nts/cm/cmr8.pfb></packages/spack/1.1.0/opt/spack/__spack_repo.builtin.packages.
texlive.package.Texlive_object_at_0x1484aac6db00_/_20250308-_pnnep4xfk75ngzwvf3
hjoslrutotttat/texmf-dist/fonts/type1/public/amsfonts/cm/cmr9.pfb></packages/sp
ack/1.1.0/opt/spack/__spack_repo.builtin.packages.texlive.package.Texlive_objec
t_at_0x1484aac6db00_/_20250308-_pnnep4xfk75ngzwvf3hjoslrutotttat/texmf-dist/fon
ts/type1/public/amsfonts/cm/cmsy10.pfb></packages/spack/1.1.0/opt/spack/__spack
_repo.builtin.packages.texlive.package.Texlive_object_at_0x1484aac6db00_/_20250
308-_pnnep4xfk75ngzwvf3hjoslrutotttat/texmf-dist/fonts/type1/public/amsfonts/cm
/cmsy8.pfb></packages/spack/1.1.0/opt/spack/__spack_repo.builtin.packages.texli
ve.package.Texlive_object_at_0x1484aac6db00_/_20250308-_pnnep4xfk75ngzwvf3hjosl
rutotttat/texmf-dist/fonts/type1/public/amsfonts/cm/cmti10.pfb></packages/spack
/1.1.0/opt/spack/__spack_repo.builtin.packages.texlive.package.Texlive_object_a
t_0x1484aac6db00_/_20250308-_pnnep4xfk75ngzwvf3hjoslrutotttat/texmf-dist/fonts/
type1/public/amsfonts/cm/cmtt10.pfb></packages/spack/1.1.0/opt/spack/__spack_re
po.builtin.packages.texlive.package.Texlive_object_at_0x1484aac6db00_/_20250308
-_pnnep4xfk75ngzwvf3hjoslrutotttat/texmf-dist/fonts/type1/public/amsfonts/cm/cm
tt8.pfb></packages/spack/1.1.0/opt/spack/__spack_repo.builtin.packages.texlive.
package.Texlive_object_at_0x1484aac6db00_/_20250308-_pnnep4xfk75ngzwvf3hjoslrut
otttat/texmf-dist/fonts/type1/public/amsfonts/symbols/msbm10.pfb></packages/spa
ck/1.1.0/opt/spack/__spack_repo.builtin.packages.texlive.package.Texlive_object
_at_0x1484aac6db00_/_20250308-_pnnep4xfk75ngzwvf3hjoslrutotttat/texmf-dist/font
s/type1/public/cm-super/sfrm0800.pfb></packages/spack/1.1.0/opt/spack/__spack_r
epo.builtin.packages.texlive.package.Texlive_object_at_0x1484aac6db00_/_2025030
8-_pnnep4xfk75ngzwvf3hjoslrutotttat/texmf-dist/fonts/type1/public/cm-super/sfrm
1095.pfb>
Output written on fuserplus_jmlr.pdf (22 pages, 2303456 bytes).
PDF statistics:
 526 PDF objects out of 1000 (max. 8388607)
 446 compressed objects within 5 object streams
 113 named destinations out of 1000 (max. 500000)
 214 words of extra memory for PDF output out of 10000 (max. 10000000)

