This is pdfTeX, Version 3.141592653-2.6-1.40.27 (TeX Live 2025 - Spack) (preloaded format=pdflatex 2026.1.15)  29 APR 2026 11:12
entering extended mode
 restricted \write18 enabled.
 %&-line parsing enabled.
**sample.tex
(./sample.tex
LaTeX2e <2024-11-01> patch level 2
L3 programming layer <2025-01-18>

(/packages/spack/1.1.0/opt/spack/__spack_repo.builtin.packages.texlive.package.
Texlive_object_at_0x1484aac6db00_/_20250308-_pnnep4xfk75ngzwvf3hjoslrutotttat/t
exmf-dist/tex/latex/base/article.cls
Document Class: article 2024/06/29 v1.4n Standard LaTeX document class

(/packages/spack/1.1.0/opt/spack/__spack_repo.builtin.packages.texlive.package.
Texlive_object_at_0x1484aac6db00_/_20250308-_pnnep4xfk75ngzwvf3hjoslrutotttat/t
exmf-dist/tex/latex/base/size11.clo
File: size11.clo 2024/06/29 v1.4n Standard LaTeX file (size option)
)
\c@part=\count196
\c@section=\count197
\c@subsection=\count198
\c@subsubsection=\count199
\c@paragraph=\count266
\c@subparagraph=\count267
\c@figure=\count268
\c@table=\count269
\abovecaptionskip=\skip49
\belowcaptionskip=\skip50
\bibindent=\dimen141
)
(/packages/spack/1.1.0/opt/spack/__spack_repo.builtin.packages.texlive.package.
Texlive_object_at_0x1484aac6db00_/_20250308-_pnnep4xfk75ngzwvf3hjoslrutotttat/t
exmf-dist/tex/latex/blindtext/blindtext.sty
Package: blindtext 2012/01/06 V2.0 blindtext-Package

(/packages/spack/1.1.0/opt/spack/__spack_repo.builtin.packages.texlive.package.
Texlive_object_at_0x1484aac6db00_/_20250308-_pnnep4xfk75ngzwvf3hjoslrutotttat/t
exmf-dist/tex/latex/tools/xspace.sty
Package: xspace 2014/10/28 v1.13 Space after command names (DPC,MH)
)
\c@blindtext=\count270
\c@Blindtext=\count271
\c@blind@countparstart=\count272
\blind@countxx=\count273
\blindtext@numBlindtext=\count274
\blind@countyy=\count275
\c@blindlist=\count276
\c@blindlistlevel=\count277
\c@blindlist@level=\count278
\blind@listitem=\count279
\c@blind@listcount=\count280
\c@blind@levelcount=\count281
\blind@mathformula=\count282
\blind@Mathformula=\count283
\c@blind@randomcount=\count284
\c@blind@randommax=\count285
\c@blind@pangramcount=\count286
\c@blind@pangrammax=\count287
) (./jmlr2e.sty
Document Style `jmlr'.

(/packages/spack/1.1.0/opt/spack/__spack_repo.builtin.packages.texlive.package.
Texlive_object_at_0x1484aac6db00_/_20250308-_pnnep4xfk75ngzwvf3hjoslrutotttat/t
exmf-dist/tex/latex/graphics/epsfig.sty
Package: epsfig 2024/01/14 v1.7b (e)psfig emulation (SPQR)

(/packages/spack/1.1.0/opt/spack/__spack_repo.builtin.packages.texlive.package.
Texlive_object_at_0x1484aac6db00_/_20250308-_pnnep4xfk75ngzwvf3hjoslrutotttat/t
exmf-dist/tex/latex/graphics/graphicx.sty
Package: graphicx 2021/09/16 v1.2d Enhanced LaTeX Graphics (DPC,SPQR)

(/packages/spack/1.1.0/opt/spack/__spack_repo.builtin.packages.texlive.package.
Texlive_object_at_0x1484aac6db00_/_20250308-_pnnep4xfk75ngzwvf3hjoslrutotttat/t
exmf-dist/tex/latex/graphics/keyval.sty
Package: keyval 2022/05/29 v1.15 key=value parser (DPC)
\KV@toks@=\toks17
)
(/packages/spack/1.1.0/opt/spack/__spack_repo.builtin.packages.texlive.package.
Texlive_object_at_0x1484aac6db00_/_20250308-_pnnep4xfk75ngzwvf3hjoslrutotttat/t
exmf-dist/tex/latex/graphics/graphics.sty
Package: graphics 2024/08/06 v1.4g Standard LaTeX Graphics (DPC,SPQR)

(/packages/spack/1.1.0/opt/spack/__spack_repo.builtin.packages.texlive.package.
Texlive_object_at_0x1484aac6db00_/_20250308-_pnnep4xfk75ngzwvf3hjoslrutotttat/t
exmf-dist/tex/latex/graphics/trig.sty
Package: trig 2023/12/02 v1.11 sin cos tan (DPC)
)
(/packages/spack/1.1.0/opt/spack/__spack_repo.builtin.packages.texlive.package.
Texlive_object_at_0x1484aac6db00_/_20250308-_pnnep4xfk75ngzwvf3hjoslrutotttat/t
exmf-dist/tex/latex/graphics-cfg/graphics.cfg
File: graphics.cfg 2016/06/04 v1.11 sample graphics configuration
)
Package graphics Info: Driver file: pdftex.def on input line 106.

(/packages/spack/1.1.0/opt/spack/__spack_repo.builtin.packages.texlive.package.
Texlive_object_at_0x1484aac6db00_/_20250308-_pnnep4xfk75ngzwvf3hjoslrutotttat/t
exmf-dist/tex/latex/graphics-def/pdftex.def
File: pdftex.def 2024/04/13 v1.2c Graphics/color driver for pdftex
))
\Gin@req@height=\dimen142
\Gin@req@width=\dimen143
)
\epsfxsize=\dimen144
\epsfysize=\dimen145
)
(/packages/spack/1.1.0/opt/spack/__spack_repo.builtin.packages.texlive.package.
Texlive_object_at_0x1484aac6db00_/_20250308-_pnnep4xfk75ngzwvf3hjoslrutotttat/t
exmf-dist/tex/latex/amsfonts/amssymb.sty
Package: amssymb 2013/01/14 v3.01 AMS font symbols

(/packages/spack/1.1.0/opt/spack/__spack_repo.builtin.packages.texlive.package.
Texlive_object_at_0x1484aac6db00_/_20250308-_pnnep4xfk75ngzwvf3hjoslrutotttat/t
exmf-dist/tex/latex/amsfonts/amsfonts.sty
Package: amsfonts 2013/01/14 v3.01 Basic AMSFonts support
\@emptytoks=\toks18
\symAMSa=\mathgroup4
\symAMSb=\mathgroup5
LaTeX Font Info:    Redeclaring math symbol \hbar on input line 98.
LaTeX Font Info:    Overwriting math alphabet `\mathfrak' in version `bold'
(Font)                  U/euf/m/n --> U/euf/b/n on input line 106.
))
(/packages/spack/1.1.0/opt/spack/__spack_repo.builtin.packages.texlive.package.
Texlive_object_at_0x1484aac6db00_/_20250308-_pnnep4xfk75ngzwvf3hjoslrutotttat/t
exmf-dist/tex/latex/natbib/natbib.sty
Package: natbib 2010/09/13 8.31b (PWD, AO)
\bibhang=\skip51
\bibsep=\skip52
LaTeX Info: Redefining \cite on input line 694.
\c@NAT@ctr=\count288
)
(/packages/spack/1.1.0/opt/spack/__spack_repo.builtin.packages.texlive.package.
Texlive_object_at_0x1484aac6db00_/_20250308-_pnnep4xfk75ngzwvf3hjoslrutotttat/t
exmf-dist/tex/latex/hyperref/hyperref.sty
Package: hyperref 2024-11-05 v7.01l Hypertext links for LaTeX

(/packages/spack/1.1.0/opt/spack/__spack_repo.builtin.packages.texlive.package.
Texlive_object_at_0x1484aac6db00_/_20250308-_pnnep4xfk75ngzwvf3hjoslrutotttat/t
exmf-dist/tex/generic/iftex/iftex.sty
Package: iftex 2024/12/12 v1.0g TeX engine tests
)
(/packages/spack/1.1.0/opt/spack/__spack_repo.builtin.packages.texlive.package.
Texlive_object_at_0x1484aac6db00_/_20250308-_pnnep4xfk75ngzwvf3hjoslrutotttat/t
exmf-dist/tex/latex/kvsetkeys/kvsetkeys.sty
Package: kvsetkeys 2022-10-05 v1.19 Key value parser (HO)
)
(/packages/spack/1.1.0/opt/spack/__spack_repo.builtin.packages.texlive.package.
Texlive_object_at_0x1484aac6db00_/_20250308-_pnnep4xfk75ngzwvf3hjoslrutotttat/t
exmf-dist/tex/generic/kvdefinekeys/kvdefinekeys.sty
Package: kvdefinekeys 2019-12-19 v1.6 Define keys (HO)
)
(/packages/spack/1.1.0/opt/spack/__spack_repo.builtin.packages.texlive.package.
Texlive_object_at_0x1484aac6db00_/_20250308-_pnnep4xfk75ngzwvf3hjoslrutotttat/t
exmf-dist/tex/generic/pdfescape/pdfescape.sty
Package: pdfescape 2019/12/09 v1.15 Implements pdfTeX's escape features (HO)

(/packages/spack/1.1.0/opt/spack/__spack_repo.builtin.packages.texlive.package.
Texlive_object_at_0x1484aac6db00_/_20250308-_pnnep4xfk75ngzwvf3hjoslrutotttat/t
exmf-dist/tex/generic/ltxcmds/ltxcmds.sty
Package: ltxcmds 2023-12-04 v1.26 LaTeX kernel commands for general use (HO)
)
(/packages/spack/1.1.0/opt/spack/__spack_repo.builtin.packages.texlive.package.
Texlive_object_at_0x1484aac6db00_/_20250308-_pnnep4xfk75ngzwvf3hjoslrutotttat/t
exmf-dist/tex/generic/pdftexcmds/pdftexcmds.sty
Package: pdftexcmds 2020-06-27 v0.33 Utility functions of pdfTeX for LuaTeX (HO
)

(/packages/spack/1.1.0/opt/spack/__spack_repo.builtin.packages.texlive.package.
Texlive_object_at_0x1484aac6db00_/_20250308-_pnnep4xfk75ngzwvf3hjoslrutotttat/t
exmf-dist/tex/generic/infwarerr/infwarerr.sty
Package: infwarerr 2019/12/03 v1.5 Providing info/warning/error messages (HO)
)
Package pdftexcmds Info: \pdf@primitive is available.
Package pdftexcmds Info: \pdf@ifprimitive is available.
Package pdftexcmds Info: \pdfdraftmode found.
))
(/packages/spack/1.1.0/opt/spack/__spack_repo.builtin.packages.texlive.package.
Texlive_object_at_0x1484aac6db00_/_20250308-_pnnep4xfk75ngzwvf3hjoslrutotttat/t
exmf-dist/tex/latex/hycolor/hycolor.sty
Package: hycolor 2020-01-27 v1.10 Color options for hyperref/bookmark (HO)
)
(/packages/spack/1.1.0/opt/spack/__spack_repo.builtin.packages.texlive.package.
Texlive_object_at_0x1484aac6db00_/_20250308-_pnnep4xfk75ngzwvf3hjoslrutotttat/t
exmf-dist/tex/latex/hyperref/nameref.sty
Package: nameref 2023-11-26 v2.56 Cross-referencing by name of section

(/packages/spack/1.1.0/opt/spack/__spack_repo.builtin.packages.texlive.package.
Texlive_object_at_0x1484aac6db00_/_20250308-_pnnep4xfk75ngzwvf3hjoslrutotttat/t
exmf-dist/tex/latex/refcount/refcount.sty
Package: refcount 2019/12/15 v3.6 Data extraction from label references (HO)
)
(/packages/spack/1.1.0/opt/spack/__spack_repo.builtin.packages.texlive.package.
Texlive_object_at_0x1484aac6db00_/_20250308-_pnnep4xfk75ngzwvf3hjoslrutotttat/t
exmf-dist/tex/generic/gettitlestring/gettitlestring.sty
Package: gettitlestring 2019/12/15 v1.6 Cleanup title references (HO)

(/packages/spack/1.1.0/opt/spack/__spack_repo.builtin.packages.texlive.package.
Texlive_object_at_0x1484aac6db00_/_20250308-_pnnep4xfk75ngzwvf3hjoslrutotttat/t
exmf-dist/tex/latex/kvoptions/kvoptions.sty
Package: kvoptions 2022-06-15 v3.15 Key value format for package options (HO)
))
\c@section@level=\count289
)
(/packages/spack/1.1.0/opt/spack/__spack_repo.builtin.packages.texlive.package.
Texlive_object_at_0x1484aac6db00_/_20250308-_pnnep4xfk75ngzwvf3hjoslrutotttat/t
exmf-dist/tex/latex/etoolbox/etoolbox.sty
Package: etoolbox 2025/02/11 v2.5l e-TeX tools for LaTeX (JAW)
\etb@tempcnta=\count290
)
(/packages/spack/1.1.0/opt/spack/__spack_repo.builtin.packages.texlive.package.
Texlive_object_at_0x1484aac6db00_/_20250308-_pnnep4xfk75ngzwvf3hjoslrutotttat/t
exmf-dist/tex/generic/stringenc/stringenc.sty
Package: stringenc 2019/11/29 v1.12 Convert strings between diff. encodings (HO
)
)
\@linkdim=\dimen146
\Hy@linkcounter=\count291
\Hy@pagecounter=\count292

(/packages/spack/1.1.0/opt/spack/__spack_repo.builtin.packages.texlive.package.
Texlive_object_at_0x1484aac6db00_/_20250308-_pnnep4xfk75ngzwvf3hjoslrutotttat/t
exmf-dist/tex/latex/hyperref/pd1enc.def
File: pd1enc.def 2024-11-05 v7.01l Hyperref: PDFDocEncoding definition (HO)
Now handling font encoding PD1 ...
... no UTF-8 mapping file for font encoding PD1
)
(/packages/spack/1.1.0/opt/spack/__spack_repo.builtin.packages.texlive.package.
Texlive_object_at_0x1484aac6db00_/_20250308-_pnnep4xfk75ngzwvf3hjoslrutotttat/t
exmf-dist/tex/generic/intcalc/intcalc.sty
Package: intcalc 2019/12/15 v1.3 Expandable calculations with integers (HO)
)
\Hy@SavedSpaceFactor=\count293

(/packages/spack/1.1.0/opt/spack/__spack_repo.builtin.packages.texlive.package.
Texlive_object_at_0x1484aac6db00_/_20250308-_pnnep4xfk75ngzwvf3hjoslrutotttat/t
exmf-dist/tex/latex/hyperref/puenc.def
File: puenc.def 2024-11-05 v7.01l Hyperref: PDF Unicode definition (HO)
Now handling font encoding PU ...
... no UTF-8 mapping file for font encoding PU
)
Package hyperref Info: Option `colorlinks' set `false' on input line 4040.
Package hyperref Info: Hyper figures OFF on input line 4157.
Package hyperref Info: Link nesting OFF on input line 4162.
Package hyperref Info: Hyper index ON on input line 4165.
Package hyperref Info: Plain pages OFF on input line 4172.
Package hyperref Info: Backreferencing OFF on input line 4177.
Package hyperref Info: Implicit mode ON; LaTeX internals redefined.
Package hyperref Info: Bookmarks ON on input line 4424.
\c@Hy@tempcnt=\count294

(/packages/spack/1.1.0/opt/spack/__spack_repo.builtin.packages.texlive.package.
Texlive_object_at_0x1484aac6db00_/_20250308-_pnnep4xfk75ngzwvf3hjoslrutotttat/t
exmf-dist/tex/latex/url/url.sty
\Urlmuskip=\muskip17
Package: url 2013/09/16  ver 3.4  Verb mode for urls, etc.
)
LaTeX Info: Redefining \url on input line 4763.
\XeTeXLinkMargin=\dimen147

(/packages/spack/1.1.0/opt/spack/__spack_repo.builtin.packages.texlive.package.
Texlive_object_at_0x1484aac6db00_/_20250308-_pnnep4xfk75ngzwvf3hjoslrutotttat/t
exmf-dist/tex/generic/bitset/bitset.sty
Package: bitset 2019/12/09 v1.3 Handle bit-vector datatype (HO)

(/packages/spack/1.1.0/opt/spack/__spack_repo.builtin.packages.texlive.package.
Texlive_object_at_0x1484aac6db00_/_20250308-_pnnep4xfk75ngzwvf3hjoslrutotttat/t
exmf-dist/tex/generic/bigintcalc/bigintcalc.sty
Package: bigintcalc 2019/12/15 v1.5 Expandable calculations on big integers (HO
)
))
\Fld@menulength=\count295
\Field@Width=\dimen148
\Fld@charsize=\dimen149
Package hyperref Info: Hyper figures OFF on input line 6042.
Package hyperref Info: Link nesting OFF on input line 6047.
Package hyperref Info: Hyper index ON on input line 6050.
Package hyperref Info: backreferencing OFF on input line 6057.
Package hyperref Info: Link coloring OFF on input line 6062.
Package hyperref Info: Link coloring with OCG OFF on input line 6067.
Package hyperref Info: PDF/A mode OFF on input line 6072.

(/packages/spack/1.1.0/opt/spack/__spack_repo.builtin.packages.texlive.package.
Texlive_object_at_0x1484aac6db00_/_20250308-_pnnep4xfk75ngzwvf3hjoslrutotttat/t
exmf-dist/tex/latex/base/atbegshi-ltx.sty
Package: atbegshi-ltx 2021/01/10 v1.0c Emulation of the original atbegshi
package with kernel methods
)
\Hy@abspage=\count296
\c@Item=\count297
\c@Hfootnote=\count298
)
Package hyperref Info: Driver (autodetected): hpdftex.

(/packages/spack/1.1.0/opt/spack/__spack_repo.builtin.packages.texlive.package.
Texlive_object_at_0x1484aac6db00_/_20250308-_pnnep4xfk75ngzwvf3hjoslrutotttat/t
exmf-dist/tex/latex/hyperref/hpdftex.def
File: hpdftex.def 2024-11-05 v7.01l Hyperref driver for pdfTeX

(/packages/spack/1.1.0/opt/spack/__spack_repo.builtin.packages.texlive.package.
Texlive_object_at_0x1484aac6db00_/_20250308-_pnnep4xfk75ngzwvf3hjoslrutotttat/t
exmf-dist/tex/latex/base/atveryend-ltx.sty
Package: atveryend-ltx 2020/08/19 v1.0a Emulation of the original atveryend pac
kage
with kernel methods
)
\Fld@listcount=\count299
\c@bookmark@seq@number=\count300

(/packages/spack/1.1.0/opt/spack/__spack_repo.builtin.packages.texlive.package.
Texlive_object_at_0x1484aac6db00_/_20250308-_pnnep4xfk75ngzwvf3hjoslrutotttat/t
exmf-dist/tex/latex/rerunfilecheck/rerunfilecheck.sty
Package: rerunfilecheck 2022-07-10 v1.10 Rerun checks for auxiliary files (HO)

(/packages/spack/1.1.0/opt/spack/__spack_repo.builtin.packages.texlive.package.
Texlive_object_at_0x1484aac6db00_/_20250308-_pnnep4xfk75ngzwvf3hjoslrutotttat/t
exmf-dist/tex/generic/uniquecounter/uniquecounter.sty
Package: uniquecounter 2019/12/15 v1.4 Provide unlimited unique counter (HO)
)
Package uniquecounter Info: New unique counter `rerunfilecheck' on input line 2
85.
)
\Hy@SectionHShift=\skip53
)
\aftertitskip=\skip54
\beforetitskip=\skip55
\interauthorskip=\skip56
\aftermaketitskip=\skip57
\c@example=\count301
\c@theorem=\count302
)
(/packages/spack/1.1.0/opt/spack/__spack_repo.builtin.packages.texlive.package.
Texlive_object_at_0x1484aac6db00_/_20250308-_pnnep4xfk75ngzwvf3hjoslrutotttat/t
exmf-dist/tex/latex/lastpage/lastpage.sty
Package: lastpage 2025/01/27 v2.1e lastpage: 2.09 or 2e? (HMM)

(/packages/spack/1.1.0/opt/spack/__spack_repo.builtin.packages.texlive.package.
Texlive_object_at_0x1484aac6db00_/_20250308-_pnnep4xfk75ngzwvf3hjoslrutotttat/t
exmf-dist/tex/latex/lastpage/lastpage2e.sty
Package: lastpage2e 2025/01/27 v2.1e Decide which 2e lastpage version to use (H
MM)

(/packages/spack/1.1.0/opt/spack/__spack_repo.builtin.packages.texlive.package.
Texlive_object_at_0x1484aac6db00_/_20250308-_pnnep4xfk75ngzwvf3hjoslrutotttat/t
exmf-dist/tex/latex/lastpage/lastpagemodern.sty
Package: lastpagemodern 2025-01-27 v2.1e Refers to last page's name (HMM; JPG)
\c@lastpagecount=\count303
) 
))
(/packages/spack/1.1.0/opt/spack/__spack_repo.builtin.packages.texlive.package.
Texlive_object_at_0x1484aac6db00_/_20250308-_pnnep4xfk75ngzwvf3hjoslrutotttat/t
exmf-dist/tex/latex/l3backend/l3backend-pdftex.def
File: l3backend-pdftex.def 2024-05-08 L3 backend support: PDF output (pdfTeX)
\l__color_backend_stack_int=\count304
\l__pdf_internal_box=\box52
) (./sample.aux)
\openout1 = `sample.aux'.

LaTeX Font Info:    Checking defaults for OML/cmm/m/it on input line 41.
LaTeX Font Info:    ... okay on input line 41.
LaTeX Font Info:    Checking defaults for OMS/cmsy/m/n on input line 41.
LaTeX Font Info:    ... okay on input line 41.
LaTeX Font Info:    Checking defaults for OT1/cmr/m/n on input line 41.
LaTeX Font Info:    ... okay on input line 41.
LaTeX Font Info:    Checking defaults for T1/cmr/m/n on input line 41.
LaTeX Font Info:    ... okay on input line 41.
LaTeX Font Info:    Checking defaults for TS1/cmr/m/n on input line 41.
LaTeX Font Info:    ... okay on input line 41.
LaTeX Font Info:    Checking defaults for OMX/cmex/m/n on input line 41.
LaTeX Font Info:    ... okay on input line 41.
LaTeX Font Info:    Checking defaults for U/cmr/m/n on input line 41.
LaTeX Font Info:    ... okay on input line 41.
LaTeX Font Info:    Checking defaults for PD1/pdf/m/n on input line 41.
LaTeX Font Info:    ... okay on input line 41.
LaTeX Font Info:    Checking defaults for PU/pdf/m/n on input line 41.
LaTeX Font Info:    ... okay on input line 41.

(/packages/spack/1.1.0/opt/spack/__spack_repo.builtin.packages.texlive.package.
Texlive_object_at_0x1484aac6db00_/_20250308-_pnnep4xfk75ngzwvf3hjoslrutotttat/t
exmf-dist/tex/context/base/mkii/supp-pdf.mkii
[Loading MPS to PDF converter (version 2006.09.02).]
\scratchcounter=\count305
\scratchdimen=\dimen150
\scratchbox=\box53
\nofMPsegments=\count306
\nofMParguments=\count307
\everyMPshowfont=\toks19
\MPscratchCnt=\count308
\MPscratchDim=\dimen151
\MPnumerator=\count309
\makeMPintoPDFobject=\count310
\everyMPtoPDFconversion=\toks20
)
(/packages/spack/1.1.0/opt/spack/__spack_repo.builtin.packages.texlive.package.
Texlive_object_at_0x1484aac6db00_/_20250308-_pnnep4xfk75ngzwvf3hjoslrutotttat/t
exmf-dist/tex/latex/epstopdf-pkg/epstopdf-base.sty
Package: epstopdf-base 2020-01-24 v2.11 Base part for package epstopdf
Package epstopdf-base Info: Redefining graphics rule for `.eps' on input line 4
85.

(/packages/spack/1.1.0/opt/spack/__spack_repo.builtin.packages.texlive.package.
Texlive_object_at_0x1484aac6db00_/_20250308-_pnnep4xfk75ngzwvf3hjoslrutotttat/t
exmf-dist/tex/latex/latexconfig/epstopdf-sys.cfg
File: epstopdf-sys.cfg 2010/07/13 v1.3 Configuration of (r)epstopdf for TeX Liv
e
))
Package hyperref Info: Link coloring OFF on input line 41.
 (./sample.out) (./sample.out)
\@outlinefile=\write3
\openout3 = `sample.out'.

LaTeX Font Info:    Trying to load font information for U+msa on input line 69.


(/packages/spack/1.1.0/opt/spack/__spack_repo.builtin.packages.texlive.package.
Texlive_object_at_0x1484aac6db00_/_20250308-_pnnep4xfk75ngzwvf3hjoslrutotttat/t
exmf-dist/tex/latex/amsfonts/umsa.fd
File: umsa.fd 2013/01/14 v3.01 AMS symbols A
)
LaTeX Font Info:    Trying to load font information for U+msb on input line 69.


(/packages/spack/1.1.0/opt/spack/__spack_repo.builtin.packages.texlive.package.
Texlive_object_at_0x1484aac6db00_/_20250308-_pnnep4xfk75ngzwvf3hjoslrutotttat/t
exmf-dist/tex/latex/amsfonts/umsb.fd
File: umsb.fd 2013/01/14 v3.01 AMS symbols B
)

[1{/packages/spack/1.1.0/opt/spack/__spack_repo.builtin.packages.texlive.packag
e.Texlive_object_at_0x1484aac6db00_/_20250308-_pnnep4xfk75ngzwvf3hjoslrutotttat
/texmf-dist/fonts/map/pdftex/updmap/pdftex.map}

{/packages/spack/1.1.0/opt/spack/__spack_repo.builtin.packages.texlive.package.
Texlive_object_at_0x1484aac6db00_/_20250308-_pnnep4xfk75ngzwvf3hjoslrutotttat/t
exmf-dist/fonts/enc/dvips/cm-super/cm-super-ts1.enc}]

[2]

[3]
Underfull \hbox (badness 10000) in paragraph at lines 117--121

 []

(./sample.bbl)

[4] 
enddocument/afterlastpage (AED): lastpage setting LastPage.
(./sample.aux)
 ***********
LaTeX2e <2024-11-01> patch level 2
L3 programming layer <2025-01-18>
 ***********
Package rerunfilecheck Info: File `sample.out' has not changed.
(rerunfilecheck)             Checksum: FE81D9A8F8E07B4DB440F6E600D076C5;175.
 ) 
Here is how much of TeX's memory you used:
 9788 strings out of 473190
 167608 string characters out of 5647026
 553880 words of memory out of 5000000
 32910 multiletter control sequences out of 15000+600000
 567454 words of font info for 68 fonts, out of 8000000 for 9000
 1141 hyphenation exceptions out of 8191
 90i,9n,93p,244b,448s stack positions out of 10000i,1000n,20000p,200000b,200000s
</packages/spack/1.1.0/opt/spack/__spack_repo.builtin.packages.texlive.packag
e.Texlive_object_at_0x1484aac6db00_/_20250308-_pnnep4xfk75ngzwvf3hjoslrutotttat
/texmf-dist/fonts/type1/public/amsfonts/cm/cmbx10.pfb></packages/spack/1.1.0/op
t/spack/__spack_repo.builtin.packages.texlive.package.Texlive_object_at_0x1484a
ac6db00_/_20250308-_pnnep4xfk75ngzwvf3hjoslrutotttat/texmf-dist/fonts/type1/pub
lic/amsfonts/cm/cmbx12.pfb></packages/spack/1.1.0/opt/spack/__spack_repo.builti
n.packages.texlive.package.Texlive_object_at_0x1484aac6db00_/_20250308-_pnnep4x
fk75ngzwvf3hjoslrutotttat/texmf-dist/fonts/type1/public/amsfonts/cm/cmcsc10.pfb
></packages/spack/1.1.0/opt/spack/__spack_repo.builtin.packages.texlive.package
.Texlive_object_at_0x1484aac6db00_/_20250308-_pnnep4xfk75ngzwvf3hjoslrutotttat/
texmf-dist/fonts/type1/public/amsfonts/cm/cmex10.pfb></packages/spack/1.1.0/opt
/spack/__spack_repo.builtin.packages.texlive.package.Texlive_object_at_0x1484aa
c6db00_/_20250308-_pnnep4xfk75ngzwvf3hjoslrutotttat/texmf-dist/fonts/type1/publ
ic/amsfonts/cm/cmmi10.pfb></packages/spack/1.1.0/opt/spack/__spack_repo.builtin
.packages.texlive.package.Texlive_object_at_0x1484aac6db00_/_20250308-_pnnep4xf
k75ngzwvf3hjoslrutotttat/texmf-dist/fonts/type1/public/amsfonts/cm/cmmi6.pfb></
packages/spack/1.1.0/opt/spack/__spack_repo.builtin.packages.texlive.package.Te
xlive_object_at_0x1484aac6db00_/_20250308-_pnnep4xfk75ngzwvf3hjoslrutotttat/tex
mf-dist/fonts/type1/public/amsfonts/cm/cmmi8.pfb></packages/spack/1.1.0/opt/spa
ck/__spack_repo.builtin.packages.texlive.package.Texlive_object_at_0x1484aac6db
00_/_20250308-_pnnep4xfk75ngzwvf3hjoslrutotttat/texmf-dist/fonts/type1/public/a
msfonts/cm/cmr10.pfb></packages/spack/1.1.0/opt/spack/__spack_repo.builtin.pack
ages.texlive.package.Texlive_object_at_0x1484aac6db00_/_20250308-_pnnep4xfk75ng
zwvf3hjoslrutotttat/texmf-dist/fonts/type1/public/amsfonts/cm/cmr6.pfb></packag
es/spack/1.1.0/opt/spack/__spack_repo.builtin.packages.texlive.package.Texlive_
object_at_0x1484aac6db00_/_20250308-_pnnep4xfk75ngzwvf3hjoslrutotttat/texmf-dis
t/fonts/type1/public/amsfonts/cm/cmr8.pfb></packages/spack/1.1.0/opt/spack/__sp
ack_repo.builtin.packages.texlive.package.Texlive_object_at_0x1484aac6db00_/_20
250308-_pnnep4xfk75ngzwvf3hjoslrutotttat/texmf-dist/fonts/type1/public/amsfonts
/cm/cmsy10.pfb></packages/spack/1.1.0/opt/spack/__spack_repo.builtin.packages.t
exlive.package.Texlive_object_at_0x1484aac6db00_/_20250308-_pnnep4xfk75ngzwvf3h
joslrutotttat/texmf-dist/fonts/type1/public/amsfonts/cm/cmsy8.pfb></packages/sp
ack/1.1.0/opt/spack/__spack_repo.builtin.packages.texlive.package.Texlive_objec
t_at_0x1484aac6db00_/_20250308-_pnnep4xfk75ngzwvf3hjoslrutotttat/texmf-dist/fon
ts/type1/public/amsfonts/cm/cmti10.pfb></packages/spack/1.1.0/opt/spack/__spack
_repo.builtin.packages.texlive.package.Texlive_object_at_0x1484aac6db00_/_20250
308-_pnnep4xfk75ngzwvf3hjoslrutotttat/texmf-dist/fonts/type1/public/amsfonts/cm
/cmtt8.pfb></packages/spack/1.1.0/opt/spack/__spack_repo.builtin.packages.texli
ve.package.Texlive_object_at_0x1484aac6db00_/_20250308-_pnnep4xfk75ngzwvf3hjosl
rutotttat/texmf-dist/fonts/type1/public/cm-super/sfrm0800.pfb>
Output written on sample.pdf (4 pages, 187482 bytes).
PDF statistics:
 123 PDF objects out of 1000 (max. 8388607)
 86 compressed objects within 1 object stream
 10 named destinations out of 1000 (max. 500000)
 25 words of extra memory for PDF output out of 10000 (max. 10000000)

